<?xml version="1.0" encoding="UTF-8"?>
<!-- Generated by org.testng.reporters.JUnitReportReporter -->
<testsuite skipped="0" hostname="Vinayak-Lenovo" name="qaClick.practiceProject2" tests="12" failures="0" timestamp="2021-01-28T15:03:08 IST" time="25.159" errors="0">
  <testcase name="fixedHeader" time="0.629" classname="qaClick.practiceProject2"/>
  <system-out/>
  <testcase name="redioButton" time="0.101" classname="qaClick.practiceProject2"/>
  <system-out/>
  <testcase name="validateConfirmation" time="5.238" classname="qaClick.practiceProject2"/>
  <system-out/>
  <testcase name="validateSwitchWindow" time="3.729" classname="qaClick.practiceProject2"/>
  <system-out/>
  <testcase name="validateSwitchTab" time="7.887" classname="qaClick.practiceProject2"/>
  <system-out/>
  <testcase name="mouseAction" time="0.385" classname="qaClick.practiceProject2"/>
  <system-out/>
  <testcase name="selectCheckBox" time="0.064" classname="qaClick.practiceProject2"/>
  <system-out/>
  <testcase name="elementHideShow" time="0.202" classname="qaClick.practiceProject2"/>
  <system-out/>
  <testcase name="selectStaticDropdown" time="0.181" classname="qaClick.practiceProject2"/>
  <system-out/>
  <testcase name="validateTable" time="0.921" classname="qaClick.practiceProject2"/>
  <system-out/>
  <testcase name="autoSuggestiveDropdown" time="5.511" classname="qaClick.practiceProject2"/>
  <system-out/>
  <testcase name="validateAlert" time="0.311" classname="qaClick.practiceProject2"/>
  <system-out/>
</testsuite> <!-- qaClick.practiceProject2 -->
