<?xml version="1.0" encoding="UTF-8"?>
<!-- Generated by org.testng.reporters.JUnitReportReporter -->
<testsuite skipped="0" hostname="Vinayak-Lenovo" name="qaClick.rspracticeProject" tests="1" failures="0" timestamp="2021-01-28T15:03:08 IST" time="16.599" errors="0">
  <testcase name="validatePracticeProject" time="16.599" classname="qaClick.rspracticeProject"/>
  <system-out/>
</testsuite> <!-- qaClick.rspracticeProject -->
