<?xml version="1.0" encoding="UTF-8"?>
<!-- Generated by org.testng.reporters.JUnitReportReporter -->
<testsuite skipped="0" hostname="Vinayak-Lenovo" name="qaClick.accessMenus" tests="1" failures="0" timestamp="2021-01-11T16:26:21 IST" time="11.666" errors="0">
  <testcase name="navigatePages" time="11.666" classname="qaClick.accessMenus"/>
  <system-out/>
</testsuite> <!-- qaClick.accessMenus -->
