<?xml version="1.0" encoding="UTF-8"?>
<!-- Generated by org.testng.reporters.JUnitReportReporter -->
<testsuite skipped="0" hostname="Vinayak-Lenovo" name="qaClick.openWebPage" tests="1" failures="0" timestamp="2021-01-11T18:41:14 IST" time="1.652" errors="0">
  <testcase name="accessWebPage" time="1.652" classname="qaClick.openWebPage"/>
  <system-out/>
</testsuite> <!-- qaClick.openWebPage -->
