<?xml version="1.0" encoding="UTF-8"?>
<!-- Generated by org.testng.reporters.JUnitReportReporter -->
<testsuite skipped="0" hostname="Vinayak-Lenovo" name="qaClick.courseList" tests="1" failures="0" timestamp="2021-01-15T16:54:41 IST" time="19.386" errors="0">
  <testcase name="grabCourseList" time="19.386" classname="qaClick.courseList"/>
  <system-out/>
</testsuite> <!-- qaClick.courseList -->
