<?xml version="1.0" encoding="UTF-8"?>
<!-- Generated by org.testng.reporters.JUnitReportReporter -->
<testsuite skipped="0" hostname="Vinayak-Lenovo" name="qaClick.rsHomeCarousel" tests="1" failures="0" timestamp="2021-01-28T15:03:08 IST" time="19.964" errors="0">
  <testcase name="registerPage" time="19.964" classname="qaClick.rsHomeCarousel"/>
  <system-out/>
</testsuite> <!-- qaClick.rsHomeCarousel -->
