<?xml version="1.0" encoding="UTF-8"?>
<!-- Generated by org.testng.reporters.JUnitReportReporter -->
<testsuite skipped="0" hostname="Vinayak-Lenovo" name="qaClick.rsHomeRegister" tests="1" failures="0" timestamp="2021-01-28T15:03:08 IST" time="17.240" errors="0">
  <testcase name="registerPage" time="17.240" classname="qaClick.rsHomeRegister"/>
  <system-out/>
</testsuite> <!-- qaClick.rsHomeRegister -->
