<?xml version="1.0" encoding="UTF-8"?>
<!-- Generated by org.testng.reporters.JUnitReportReporter -->
<testsuite skipped="0" hostname="Vinayak-Lenovo" name="qaClick.practiceProject2_2" tests="1" failures="0" timestamp="2021-01-22T16:42:38 IST" time="0.749" errors="0">
  <testcase name="validateAlert" time="0.749" classname="qaClick.practiceProject2_2"/>
  <system-out/>
</testsuite> <!-- qaClick.practiceProject2_2 -->
