<?xml version="1.0" encoding="UTF-8"?>
<!-- Generated by org.testng.reporters.JUnitReportReporter -->
<testsuite skipped="0" hostname="Vinayak-Lenovo" name="qaClick.rsHomeLogin" tests="1" failures="0" timestamp="2021-01-28T15:03:08 IST" time="25.531" errors="0">
  <testcase name="rsLogin" time="25.531" classname="qaClick.rsHomeLogin"/>
  <system-out/>
</testsuite> <!-- qaClick.rsHomeLogin -->
