<?xml version="1.0" encoding="UTF-8"?>
<!-- Generated by org.testng.reporters.JUnitReportReporter -->
<testsuite skipped="0" hostname="Vinayak-Lenovo" name="qaClick.practiceProject1" tests="1" failures="0" timestamp="2021-01-28T15:03:08 IST" time="28.780" errors="0">
  <testcase name="validatePracticeProject" time="28.780" classname="qaClick.practiceProject1"/>
  <system-out/>
</testsuite> <!-- qaClick.practiceProject1 -->
