<?xml version="1.0" encoding="UTF-8"?>
<!-- Generated by org.testng.reporters.JUnitReportReporter -->
<testsuite skipped="0" hostname="Vinayak-Lenovo" name="qaClick.openHomePage" tests="1" failures="0" timestamp="2021-01-13T12:23:37 IST" time="2.927" errors="0">
  <testcase name="accessWebPage" time="2.927" classname="qaClick.openHomePage"/>
  <system-out/>
</testsuite> <!-- qaClick.openHomePage -->
