<?xml version="1.0" encoding="UTF-8"?>
<!-- Generated by org.testng.reporters.JUnitReportReporter -->
<testsuite skipped="0" hostname="Vinayak-Lenovo" name="qaClick.courseList" tests="1" failures="0" timestamp="2021-01-28T15:03:08 IST" time="15.857" errors="0">
  <testcase name="grabCourseList" time="15.857" classname="qaClick.courseList"/>
  <system-out/>
</testsuite> <!-- qaClick.courseList -->
