<?xml version="1.0" encoding="UTF-8"?>
<!-- Generated by org.testng.reporters.JUnitReportReporter -->
<testsuite skipped="0" hostname="Vinayak-Lenovo" name="qaClick.rsRedioButton" tests="1" failures="0" timestamp="2021-01-21T12:26:07 IST" time="0.209" errors="0">
  <testcase name="selectRedioButton" time="0.209" classname="qaClick.rsRedioButton"/>
  <system-out/>
</testsuite> <!-- qaClick.rsRedioButton -->
