<?xml version="1.0" encoding="UTF-8"?>
<!-- Generated by org.testng.reporters.JUnitReportReporter -->
<testsuite skipped="0" hostname="Vinayak-Lenovo" name="qaClick.rsHomeRegister" tests="1" failures="0" timestamp="2021-01-29T13:47:16 IST" time="19.261" errors="0">
  <testcase name="registerPage" time="19.261" classname="qaClick.rsHomeRegister"/>
  <system-out/>
</testsuite> <!-- qaClick.rsHomeRegister -->
