<?xml version="1.0" encoding="UTF-8"?>
<!-- Generated by org.testng.reporters.JUnitReportReporter -->
<testsuite skipped="0" hostname="Vinayak-Lenovo" name="qaClick.practiceProject2" tests="12" failures="0" timestamp="2021-01-29T13:47:16 IST" time="27.476" errors="0">
  <testcase name="validateAlert" time="0.367" classname="qaClick.practiceProject2"/>
  <system-out/>
  <testcase name="elementHideShow" time="0.442" classname="qaClick.practiceProject2"/>
  <system-out/>
  <testcase name="selectCheckBox" time="0.099" classname="qaClick.practiceProject2"/>
  <system-out/>
  <testcase name="selectStaticDropdown" time="0.196" classname="qaClick.practiceProject2"/>
  <system-out/>
  <testcase name="autoSuggestiveDropdown" time="5.733" classname="qaClick.practiceProject2"/>
  <system-out/>
  <testcase name="validateTable" time="1.844" classname="qaClick.practiceProject2"/>
  <system-out/>
  <testcase name="mouseAction" time="0.371" classname="qaClick.practiceProject2"/>
  <system-out/>
  <testcase name="fixedHeader" time="1.031" classname="qaClick.practiceProject2"/>
  <system-out/>
  <testcase name="redioButton" time="0.110" classname="qaClick.practiceProject2"/>
  <system-out/>
  <testcase name="validateConfirmation" time="5.297" classname="qaClick.practiceProject2"/>
  <system-out/>
  <testcase name="validateSwitchWindow" time="3.779" classname="qaClick.practiceProject2"/>
  <system-out/>
  <testcase name="validateSwitchTab" time="8.207" classname="qaClick.practiceProject2"/>
  <system-out/>
</testsuite> <!-- qaClick.practiceProject2 -->
