<?xml version="1.0" encoding="UTF-8"?>
<!-- Generated by org.testng.reporters.JUnitReportReporter -->
<testsuite skipped="0" hostname="Vinayak-Lenovo" name="qaClick.rspracticeProject" tests="1" failures="0" timestamp="2021-01-29T13:47:16 IST" time="22.645" errors="0">
  <testcase name="validatePracticeProject" time="22.645" classname="qaClick.rspracticeProject"/>
  <system-out/>
</testsuite> <!-- qaClick.rspracticeProject -->
