<?xml version="1.0" encoding="UTF-8"?>
<!-- Generated by org.testng.reporters.JUnitReportReporter -->
<testsuite skipped="0" hostname="Vinayak-Lenovo" name="qaClick.rsHomeLogin" tests="1" failures="0" timestamp="2021-01-29T13:47:16 IST" time="21.947" errors="0">
  <testcase name="rsLogin" time="21.947" classname="qaClick.rsHomeLogin"/>
  <system-out/>
</testsuite> <!-- qaClick.rsHomeLogin -->
