<?xml version="1.0" encoding="UTF-8"?>
<!-- Generated by org.testng.reporters.JUnitReportReporter -->
<testsuite skipped="0" hostname="Vinayak-Lenovo" name="qaClick.courseList" tests="1" failures="0" timestamp="2021-01-29T13:47:16 IST" time="18.037" errors="0">
  <testcase name="grabCourseList" time="18.037" classname="qaClick.courseList"/>
  <system-out/>
</testsuite> <!-- qaClick.courseList -->
